2023-07-04/22:27:38	94481148-07ba-4f4d-b13d-3e920dfb1b18	Error:Not Allow By CORS!	undefined	/	undefined
2023-07-04/22:28:23	c701e8f6-0131-4dfd-aff8-f1beb0441572	Error:Not Allow By CORS!	undefined	/	https://expressjs.com
2023-07-04/22:28:23	6b28df70-50e2-475c-9446-f7701c0637a9	Error:Not Allow By CORS!	undefined	/	https://expressjs.com
2023-07-07/17:47:14	0e525b6c-8d5b-43c0-b8cc-7fe402e8331a	ReferenceError:passowrd is not defined	undefined	/users	undefined
2023-07-07/17:50:08	cd7fc000-1491-4e51-a789-3bb791f02688	ValidationError:Note validation failed: text: Path `text` is required., title: Path `title` is required., user: Path `user` is required.	undefined	/users	undefined
2023-07-07/17:51:30	001d0f76-8fc9-41d0-8139-f44246830a9c	ValidationError:User validation failed: userName: Path `userName` is required.	undefined	/users	undefined
2023-07-07/17:58:59	d798f0b4-05d4-4668-afff-dbd74b45b1b5	TypeError:User.findOne(...).exec(...).lean is not a function	undefined	/users	undefined
2023-07-07/18:09:48	0dee71b6-e674-4fdc-9b3e-02001088f570	TypeError:Note.findOne(...).exec(...).lean is not a function	undefined	/users	undefined
2023-07-07/18:12:27	0a856b70-80f3-4e33-a511-31e97258aa81	SyntaxError:Unexpected token } in JSON at position 49	undefined	/users	undefined
2023-07-07/18:13:49	4d2e49de-ba73-4b84-ad4e-ab0c2aa6ec1d	SyntaxError:Unexpected token } in JSON at position 49	undefined	/users	undefined
2023-07-28/14:36:18	81a1d227-2721-4489-ad25-929bdcb2aa34	Error:Not Allow By CORS!	undefined	/users	http://localhost:5173
2023-07-28/16:28:48	1fa23603-aaa9-480c-b60f-92d896c22390	MongoServerSelectionError:connection <monitor> to 52.220.126.202:27017 closed	undefined	/users	http://localhost:5173
2023-07-28/17:59:48	74a7e255-9672-43e9-997d-2cd952b569e2	MongoServerSelectionError:getaddrinfo EAI_AGAIN ac-cf7vzaz-shard-00-00.gaa7mnp.mongodb.net	undefined	/users	http://localhost:5173
2023-07-28/21:33:55	78e99bda-662d-4564-af02-a9afedaf5402	MongoServerSelectionError:connection <monitor> to 52.220.126.202:27017 closed	undefined	/notes	http://localhost:5173
2023-07-28/22:13:42	b4bd7752-49b5-486e-acdb-aa29c7cec2df	SyntaxError:Unexpected end of JSON input	undefined	/notes	undefined
2023-07-28/22:15:03	75004a50-f028-4829-827d-52e0b40244ce	SyntaxError:Unexpected token } in JSON at position 73	undefined	/notes	undefined
2023-08-01/01:12:14	f27422f9-eded-4928-9a86-5a3d59571164	ValidationError:User validation failed: password: Path `password` is required., username: Path `username` is required.	undefined	/notes	http://localhost:5173
2023-08-01/01:44:45	3e05ae3c-12f0-421f-8f57-2f399f9dfb15	ValidationError:Note validation failed: text: Path `text` is required., title: Path `title` is required., user: Path `user` is required.	undefined	/notes	http://localhost:5173
2023-08-01/01:46:55	c40d0e5a-e595-497d-b96f-6cea7de382b3	ValidationError:Note validation failed: user: Cast to ObjectId failed for value "alfkjasf" (type string) at path "user" because of "BSONError"	undefined	/notes	http://localhost:5173
2023-08-01/02:17:08	50f85aa2-2d97-4494-8715-77e8e3a11de8	ReferenceError:note is not defined	undefined	/notes	undefined
2023-08-01/02:23:13	33bd297c-1096-44d6-8006-8118e909003f	SyntaxError:Unexpected string in JSON at position 16	undefined	/users	undefined
2023-08-02/13:01:55	45886961-9855-4552-9558-412c99430ae2	ReferenceError:note is not defined	undefined	/notes	undefined
2023-08-02/16:04:27	8b596f94-af75-493f-94f3-c17ad3370713	TypeError:Note.createNewNotes is not a function	undefined	/notes	http://localhost:5173
2023-08-02/16:12:01	aa427eb6-0de1-435e-ab0e-eabc4c56989e	TypeError:Cannot read properties of null (reading 'username')	undefined	/notes	http://localhost:5173
2023-08-02/18:12:12	d17068d0-78ae-47bd-9539-f60a263e06ca	TypeError:Cannot read properties of null (reading 'username')	undefined	/notes	http://localhost:5173
2023-08-02/18:12:24	158b0581-9c66-484a-a3d6-b3665ecf2397	ValidationError:Note validation failed: user: Path `user` is required.	undefined	/notes	http://localhost:5173
2023-08-02/18:12:24	d5d11cb5-a7a0-4d5d-a933-8cf13e99c114	TypeError:Cannot read properties of null (reading 'username')	undefined	/notes	http://localhost:5173
2023-08-02/18:12:33	630273c1-1d52-4ad3-99b1-440cae66f592	TypeError:Cannot read properties of null (reading 'username')	undefined	/notes	http://localhost:5173
2023-08-02/18:12:39	133de6ce-7b71-403b-8add-0a3e39cfb659	TypeError:Cannot read properties of null (reading 'username')	undefined	/notes	http://localhost:5173
2023-08-02/18:12:54	511cc97d-8492-4e53-a78e-6da2a481b803	TypeError:Cannot read properties of null (reading 'username')	undefined	/notes	http://localhost:5173
2023-08-02/18:13:09	2c3b76fc-8bfd-4cc1-862a-67a9a959fc79	TypeError:Cannot read properties of null (reading 'username')	undefined	/notes	http://localhost:5173
2023-08-02/18:13:24	870e5874-1c9a-4ada-80fc-a388d098bf7f	TypeError:Cannot read properties of null (reading 'username')	undefined	/notes	http://localhost:5173
2023-08-02/18:13:39	8e7e6733-7712-4219-944e-64fe016fa0a5	TypeError:Cannot read properties of null (reading 'username')	undefined	/notes	http://localhost:5173
2023-08-02/18:13:52	01013b95-a495-43cd-9199-32d57374e716	TypeError:Cannot read properties of null (reading 'username')	undefined	/notes	http://localhost:5173
2023-08-02/18:13:55	7367203f-cb22-4b80-931e-06ca92e8ccfa	TypeError:Cannot read properties of null (reading 'username')	undefined	/notes	http://localhost:5173
2023-08-02/18:13:55	e04f1dfc-3dde-4814-b418-7fca041dcc3e	TypeError:Cannot read properties of null (reading 'username')	undefined	/notes	http://localhost:5173
2023-08-02/18:14:10	959c7ff0-750e-43fb-b9ac-f41d554b9f05	TypeError:Cannot read properties of null (reading 'username')	undefined	/notes	http://localhost:5173
2023-08-02/18:14:25	4cc0a45e-bfc0-4c6d-8faf-6a9a7a45f9cc	TypeError:Cannot read properties of null (reading 'username')	undefined	/notes	http://localhost:5173
2023-08-02/18:14:40	dd34074d-edf4-4f12-953b-2639f0ce658e	TypeError:Cannot read properties of null (reading 'username')	undefined	/notes	http://localhost:5173
2023-08-02/18:14:56	7c24f697-2910-4549-a42c-23e1e669d39a	TypeError:Cannot read properties of null (reading 'username')	undefined	/notes	http://localhost:5173
2023-08-02/18:23:38	1d35213a-03ca-40c0-9dcf-12dfd1468de3	ValidationError:Note validation failed: user: Path `user` is required.	undefined	/notes	http://localhost:5173
