2023-07-04/21:16:36	648dc784-2e01-4dc9-a3f6-c5b8134c2949	GET	/	undefined
2023-07-04/21:16:36	4a1fe05b-148e-4419-ba80-cb53ec1a8ff0	GET	/css/style.css	undefined
2023-07-04/22:09:26	3a929a24-2ce1-4dca-a7fa-6a9ec5357324	OPTIONS	/	https://expressjs.com
2023-07-04/22:09:26	dd25ca56-c9ec-45d4-821a-c836a1547e4b	GET	/	https://expressjs.com
2023-07-04/22:26:18	f96d4b76-a378-43d9-8e35-7e8e34d40658	OPTIONS	/	https://expressjs.com
2023-07-04/22:26:18	c93e1a6d-1885-476b-b6d8-204f4dac4fed	GET	/	https://expressjs.com
2023-07-04/22:26:36	18aa8af6-5e79-4e24-ba8c-03473034a4d2	GET	/	undefined
2023-07-04/22:26:36	c78152bb-09df-4c8d-9399-3e7e21d95034	GET	/css/style.css	undefined
2023-07-04/22:26:39	e783bb30-6a28-4cf2-82d0-9997dbf289bc	GET	/css/style.css	undefined
2023-07-04/22:26:48	b004b1af-1b60-4116-8aa1-fc6bc2aa70f8	GET	/	undefined
2023-07-04/22:26:48	59b3bfda-0214-463e-a7f2-0e63599fbe78	GET	/css/style.css	undefined
2023-07-04/22:26:49	5de4e872-7e43-4d82-b17d-d59f1b696f8a	GET	/	undefined
2023-07-04/22:26:49	ac6e2851-d3ef-4cbe-8f6c-6787e4c5bf81	GET	/css/style.css	undefined
2023-07-04/22:26:50	568fa613-9b54-48e2-a4c1-606e1884ba24	GET	/	undefined
2023-07-04/22:26:50	dbbbc9ea-1ff1-4a63-8573-a2329e16e882	GET	/css/style.css	undefined
2023-07-04/22:26:50	eda1839a-1797-4bb4-9cd8-a9cd3f14554a	GET	/	undefined
2023-07-04/22:26:50	f375828a-7dc7-4275-baad-12a270f3d77f	GET	/css/style.css	undefined
2023-07-04/22:26:50	888e6c93-5a60-445b-8b0e-0ee11c6730e6	GET	/	undefined
2023-07-04/22:26:50	dc5a70bf-ae83-40a4-8eeb-c9e69755268b	GET	/css/style.css	undefined
2023-07-04/22:27:06	8633a997-2f2b-44b9-a064-01f5a8ccef24	GET	/	undefined
2023-07-04/22:27:38	ec035973-30a3-457f-baf8-be5a3fc9a493	GET	/	undefined
2023-07-04/22:28:05	28962560-3a2d-48e0-b58b-52d7acbee404	GET	/	undefined
2023-07-04/22:28:05	f7816736-1059-467f-a570-6718915fdb4d	GET	/css/style.css	undefined
2023-07-04/22:28:23	f1090bc7-56b4-4775-be68-6568ce17af8d	OPTIONS	/	https://expressjs.com
2023-07-04/22:28:23	db478ae7-2820-442b-b43d-8e93f3a15d97	GET	/	https://expressjs.com
2023-07-07/17:42:56	4d633f01-667d-4ac3-bf88-051c778d7791	GET	/users	undefined
2023-07-07/17:44:48	8284b1f2-0708-4fce-a1b8-93a4ca091a7c	POST	/users	undefined
2023-07-07/17:44:54	18dd54de-7d3c-44b3-a328-d7ffc599b4d2	GET	/users	undefined
2023-07-07/17:47:14	1e210790-45e3-4b9e-856d-f8a39a764d00	POST	/users	undefined
2023-07-07/17:48:07	97141085-caa4-4855-856e-51f6bfde7959	POST	/users	undefined
2023-07-07/17:48:43	c0cb83e3-98b2-4361-8440-b73060e5e0e6	POST	/users	undefined
2023-07-07/17:49:12	b0a8a57d-d9d0-487e-b823-6706ef3663c3	POST	/users	undefined
2023-07-07/17:50:08	30a6c3ba-2a6d-4c8b-8f26-ed3760fb6440	POST	/users	undefined
2023-07-07/17:51:30	e737e26e-d4c4-4daf-a28a-c1fb07e09184	POST	/users	undefined
2023-07-07/17:51:49	33c5853e-0593-470e-8227-65a4be78d03e	POST	/users	undefined
2023-07-07/17:52:38	71d1a44e-2fff-46e4-bcea-3b2d4d3c28b8	POST	/users	undefined
2023-07-07/17:53:33	a8db1b71-ea90-4bff-8248-a7663a00b55c	GET	/users	undefined
2023-07-07/17:55:13	32e322d1-1336-4eb5-92fd-c01d449a4d17	POST	/users	undefined
2023-07-07/17:55:20	0d96e4c5-779e-4e88-8cb6-0bf4007a74dd	POST	/users	undefined
2023-07-07/17:58:25	10515a82-afe5-4d9b-96d2-369203f0afb7	GET	/users	undefined
2023-07-07/17:58:52	befb35dc-a904-4748-930d-8e715c640ebd	PATCH	/users	undefined
2023-07-07/17:58:59	a324028b-5517-48be-b916-270b56ef0ad1	PATCH	/users	undefined
2023-07-07/17:59:58	b833251f-a541-4089-a3fe-0128f9ca717f	PATCH	/users	undefined
2023-07-07/18:00:11	48c5f067-ded4-47e0-b37f-59aeb08e05f9	PATCH	/users	undefined
2023-07-07/18:00:23	46d2d4d6-4f98-4d9a-af7d-d1217daeb3f5	GET	/users	undefined
2023-07-07/18:02:33	7014294f-a340-4a89-87bb-2dfc48bfa106	GET	/users	undefined
2023-07-07/18:02:41	f6b021d5-0f30-4df1-82b4-64ef07b5d8f4	PATCH	/users	undefined
2023-07-07/18:03:55	c3d23533-5260-4f38-9b49-675a42d2f091	PATCH	/users	undefined
2023-07-07/18:04:14	eda9dd5c-04f1-4add-bcda-92aea564f1ae	PATCH	/users	undefined
2023-07-07/18:04:27	3ac5c7a8-d3b7-47de-b2d9-473bbb7288e9	PATCH	/users	undefined
2023-07-07/18:04:55	a387a47c-b96a-4f9c-955e-7d2fc899b21d	PATCH	/users	undefined
2023-07-07/18:05:01	4edf5b7c-501a-46d1-b696-fcc4d5fbd00c	GET	/users	undefined
2023-07-07/18:09:30	61f31bdd-8d11-4137-8035-d7888de319c0	DELETE	/users	undefined
2023-07-07/18:09:35	1db69423-87d5-41b9-bfc7-afaf2dca5585	DELETE	/users	undefined
2023-07-07/18:09:40	2ea13aa6-af71-4e4d-a770-0c7a9ada82f7	GET	/users	undefined
2023-07-07/18:09:48	22e873f2-337a-4047-bb47-a8e3a5c69c99	DELETE	/users	undefined
2023-07-07/18:10:15	d8911ad5-4abb-46dd-be63-dabfe2791fd9	DELETE	/users	undefined
2023-07-07/18:11:29	c8649eae-df2c-4b0d-83af-c5578a5865cd	GET	/users	undefined
2023-07-07/18:12:04	f19977c4-fb8b-449f-9d79-af4dc683d471	POST	/users	undefined
2023-07-07/18:12:10	796ea986-e391-4da1-aca8-9701d213e3d9	GET	/users	undefined
2023-07-07/18:12:27	3fd91b20-735c-48c2-bb33-517337f70b84	DELETE	/users	undefined
2023-07-07/18:12:34	43b21562-6a41-406e-af4c-240acdb3cf8c	DELETE	/users	undefined
2023-07-07/18:13:02	30b1bd9d-a2e7-4411-aec2-5837d265e20c	GET	/users	undefined
2023-07-07/18:13:34	5d815448-143f-4047-a636-b55672016c6c	POST	/users	undefined
2023-07-07/18:13:37	215d5e31-238a-4648-928f-457998bb6f79	GET	/users	undefined
2023-07-07/18:13:49	2a507214-2c93-470d-85d6-f5fcd1aa5681	GET	/users	undefined
2023-07-07/18:13:53	88ffdf71-a7cd-4801-8706-0f67fb5bed46	GET	/users	undefined
2023-07-07/18:14:00	654621b0-7e9f-44b2-a8ed-240ae91dd3e6	DELETE	/users	undefined
2023-07-09/08:53:02	34b93075-b632-4924-af93-de510e9176f0	GET	/users	undefined
2023-07-09/08:53:54	a138d6ac-26d8-4926-a028-4f45c4b2ff2d	PATCH	/users	undefined
2023-07-09/08:54:00	4a873d97-9937-4b73-ad71-a3e332c2b3e1	GET	/users	undefined
2023-07-09/09:35:09	7512b65c-4406-41ff-be8d-eaeaa5d7a784	GET	/notes	undefined
