2023-07-04/21:16:36	648dc784-2e01-4dc9-a3f6-c5b8134c2949	GET	/	undefined
2023-07-04/21:16:36	4a1fe05b-148e-4419-ba80-cb53ec1a8ff0	GET	/css/style.css	undefined
2023-07-04/22:09:26	3a929a24-2ce1-4dca-a7fa-6a9ec5357324	OPTIONS	/	https://expressjs.com
2023-07-04/22:09:26	dd25ca56-c9ec-45d4-821a-c836a1547e4b	GET	/	https://expressjs.com
2023-07-04/22:26:18	f96d4b76-a378-43d9-8e35-7e8e34d40658	OPTIONS	/	https://expressjs.com
2023-07-04/22:26:18	c93e1a6d-1885-476b-b6d8-204f4dac4fed	GET	/	https://expressjs.com
2023-07-04/22:26:36	18aa8af6-5e79-4e24-ba8c-03473034a4d2	GET	/	undefined
2023-07-04/22:26:36	c78152bb-09df-4c8d-9399-3e7e21d95034	GET	/css/style.css	undefined
2023-07-04/22:26:39	e783bb30-6a28-4cf2-82d0-9997dbf289bc	GET	/css/style.css	undefined
2023-07-04/22:26:48	b004b1af-1b60-4116-8aa1-fc6bc2aa70f8	GET	/	undefined
2023-07-04/22:26:48	59b3bfda-0214-463e-a7f2-0e63599fbe78	GET	/css/style.css	undefined
2023-07-04/22:26:49	5de4e872-7e43-4d82-b17d-d59f1b696f8a	GET	/	undefined
2023-07-04/22:26:49	ac6e2851-d3ef-4cbe-8f6c-6787e4c5bf81	GET	/css/style.css	undefined
2023-07-04/22:26:50	568fa613-9b54-48e2-a4c1-606e1884ba24	GET	/	undefined
2023-07-04/22:26:50	dbbbc9ea-1ff1-4a63-8573-a2329e16e882	GET	/css/style.css	undefined
2023-07-04/22:26:50	eda1839a-1797-4bb4-9cd8-a9cd3f14554a	GET	/	undefined
2023-07-04/22:26:50	f375828a-7dc7-4275-baad-12a270f3d77f	GET	/css/style.css	undefined
2023-07-04/22:26:50	888e6c93-5a60-445b-8b0e-0ee11c6730e6	GET	/	undefined
2023-07-04/22:26:50	dc5a70bf-ae83-40a4-8eeb-c9e69755268b	GET	/css/style.css	undefined
2023-07-04/22:27:06	8633a997-2f2b-44b9-a064-01f5a8ccef24	GET	/	undefined
2023-07-04/22:27:38	ec035973-30a3-457f-baf8-be5a3fc9a493	GET	/	undefined
2023-07-04/22:28:05	28962560-3a2d-48e0-b58b-52d7acbee404	GET	/	undefined
2023-07-04/22:28:05	f7816736-1059-467f-a570-6718915fdb4d	GET	/css/style.css	undefined
2023-07-04/22:28:23	f1090bc7-56b4-4775-be68-6568ce17af8d	OPTIONS	/	https://expressjs.com
2023-07-04/22:28:23	db478ae7-2820-442b-b43d-8e93f3a15d97	GET	/	https://expressjs.com
